<?xml version="1.0" encoding="UTF-8"?>
<testng-results skipped="0" failed="0" ignored="0" total="1" passed="1">
  <reporter-output>
  </reporter-output>
  <suite name="Default suite" duration-ms="6432" started-at="2019-10-22T22:02:56Z" finished-at="2019-10-22T22:03:02Z">
    <groups>
    </groups>
    <test name="Default test" duration-ms="6432" started-at="2019-10-22T22:02:56Z" finished-at="2019-10-22T22:03:02Z">
      <class name="testcases.FBLoginTest">
        <test-method status="PASS" signature="suiteSetUp()[pri:0, instance:testcases.FBLoginTest@20322d26]" name="suiteSetUp" is-config="true" duration-ms="19" started-at="2019-10-22T22:02:56Z" finished-at="2019-10-22T22:02:56Z">
          <reporter-output>
          </reporter-output>
        </test-method> <!-- suiteSetUp -->
        <test-method status="PASS" signature="launchBrowser()[pri:0, instance:testcases.FBLoginTest@20322d26]" name="launchBrowser" is-config="true" duration-ms="4977" started-at="2019-10-22T22:02:56Z" finished-at="2019-10-22T22:03:01Z">
          <reporter-output>
          </reporter-output>
        </test-method> <!-- launchBrowser -->
        <test-method status="PASS" signature="initialise()[pri:0, instance:testcases.FBLoginTest@20322d26]" name="initialise" duration-ms="1424" started-at="2019-10-22T22:03:01Z" finished-at="2019-10-22T22:03:02Z">
          <reporter-output>
          </reporter-output>
        </test-method> <!-- initialise -->
      </class> <!-- testcases.FBLoginTest -->
    </test> <!-- Default test -->
  </suite> <!-- Default suite -->
</testng-results>
